path: stability_diachronic/hayat/hayat_1988_hayat_1989/
loaded the stability dictionary for time point 1988-1989 in mode: d-hayat
1988-1989
الولايات المتحده الاميركيه: 0.07769178316716326
اميركا: 0.0489523469393781
اسرائيل: 0.14413859382672004
فلسطيني: 0.10329717963348042
حزب الله: 0.013574041277274145
المقاومه: 0.016552422076103204
سوري: -0.0013910895605353836
منظمه التحرير الفلسطينيه: 0.04281204014091115
ايران: 0.025176832713556363
السعوديه: 0.0032497114728717927
path: stability_diachronic/hayat/hayat_1989_hayat_1990/
loaded the stability dictionary for time point 1989-1990 in mode: d-hayat
1989-1990
الولايات المتحده الاميركيه: 0.12490602965787609
اميركا: 0.0647373645983896
اسرائيل: 0.2535824558321955
فلسطيني: 0.2619596590062282
حزب الله: 0.07793878888513799
المقاومه: 0.09383680050756196
سوري: 0.0959446852084253
منظمه التحرير الفلسطينيه: 0.045258732005582364
ايران: 0.07171104354711651
السعوديه: 0.04411755772722931
path: stability_diachronic/hayat/hayat_1990_hayat_1991/
loaded the stability dictionary for time point 1990-1991 in mode: d-hayat
1990-1991
الولايات المتحده الاميركيه: 0.08410010116462535
اميركا: 0.022404519447022566
اسرائيل: 0.20986773420176333
فلسطيني: 0.2149419473108553
حزب الله: 0.10570417928592576
المقاومه: 0.14547978605155498
سوري: 0.02300038010052806
منظمه التحرير الفلسطينيه: 0.07119559003163403
ايران: 0.0030403562922388973
السعوديه: 0.04913850209241874
path: stability_diachronic/hayat/hayat_1991_hayat_1992/
loaded the stability dictionary for time point 1991-1992 in mode: d-hayat
1991-1992
الولايات المتحده الاميركيه: 0.020796589984843957
اميركا: -0.01015631750037021
اسرائيل: 0.0013322305456681983
فلسطيني: -0.029212227038146733
حزب الله: 0.055027342030148495
المقاومه: 0.032208139270904386
سوري: -0.030361458580578475
منظمه التحرير الفلسطينيه: -0.00386115580839228
ايران: 0.010617892807449628
السعوديه: 0.007158126508438167
path: stability_diachronic/hayat/hayat_1992_hayat_1993/
loaded the stability dictionary for time point 1992-1993 in mode: d-hayat
1992-1993
الولايات المتحده الاميركيه: 0.07510532025046662
اميركا: 0.10764813715119256
اسرائيل: 0.09190772697658357
فلسطيني: 0.12076629117658391
حزب الله: 0.11355403727480498
المقاومه: 0.04380183690152098
سوري: 0.11199145020340104
منظمه التحرير الفلسطينيه: 0.05891000142156472
ايران: 0.10031349673802024
السعوديه: 0.02873185262044023
path: stability_diachronic/hayat/hayat_1993_hayat_1994/
loaded the stability dictionary for time point 1993-1994 in mode: d-hayat
1993-1994
الولايات المتحده الاميركيه: 0.20333023058675656
اميركا: 0.10922270300997887
اسرائيل: 0.22337852126615446
فلسطيني: 0.26151404084338153
حزب الله: 0.2728542347097141
المقاومه: 0.24259316330326464
سوري: 0.04036654377328415
منظمه التحرير الفلسطينيه: 0.2726780199365727
ايران: 0.1446710892685783
السعوديه: 0.18457162643820346
path: stability_diachronic/hayat/hayat_1994_hayat_1995/
loaded the stability dictionary for time point 1994-1995 in mode: d-hayat
1994-1995
الولايات المتحده الاميركيه: 0.26021032604797534
اميركا: 0.13309712917264663
اسرائيل: 0.3096082215897239
فلسطيني: 0.31200497132356797
حزب الله: 0.32105288657131903
المقاومه: 0.28392663020787046
سوري: 0.21551313385983678
منظمه التحرير الفلسطينيه: 0.17168778756586317
ايران: 0.1529781825577274
السعوديه: 0.29317274816859645
path: stability_diachronic/hayat/hayat_1995_hayat_1996/
loaded the stability dictionary for time point 1995-1996 in mode: d-hayat
1995-1996
الولايات المتحده الاميركيه: 0.152907289406629
اميركا: 0.04628953160823418
اسرائيل: 0.26630795072330843
فلسطيني: 0.17869956905158074
حزب الله: 0.22758689432581045
المقاومه: 0.036155910818553176
سوري: 0.11961742892488894
منظمه التحرير الفلسطينيه: 0.11372008399630644
ايران: 0.0986588169778631
السعوديه: 0.1123316517474553
path: stability_diachronic/hayat/hayat_1996_hayat_1997/
loaded the stability dictionary for time point 1996-1997 in mode: d-hayat
1996-1997
الولايات المتحده الاميركيه: 0.11928169208057939
اميركا: 0.03969194158485967
اسرائيل: 0.20475082799088634
فلسطيني: 0.189011183768433
حزب الله: 0.0979201530455306
المقاومه: 0.042169576649419185
سوري: 0.028586107107791435
منظمه التحرير الفلسطينيه: 0.056704128965572864
ايران: 0.01756411318688023
السعوديه: 0.0880280454822455
path: stability_diachronic/hayat/hayat_1997_hayat_1998/
loaded the stability dictionary for time point 1997-1998 in mode: d-hayat
1997-1998
الولايات المتحده الاميركيه: 0.10318492479794392
اميركا: 0.07610234514048475
اسرائيل: 0.27556679769381925
فلسطيني: 0.17302060778723236
حزب الله: 0.15162297721895707
المقاومه: 0.14124138851471715
سوري: 0.10345434902470078
منظمه التحرير الفلسطينيه: 0.05979572366612896
ايران: 0.1373119373262981
السعوديه: 0.0915327951430449
path: stability_diachronic/hayat/hayat_1998_hayat_1999/
loaded the stability dictionary for time point 1998-1999 in mode: d-hayat
1998-1999
الولايات المتحده الاميركيه: 0.17471271726391446
اميركا: 0.1121717987043732
اسرائيل: 0.2834442764405501
فلسطيني: 0.2853792905852753
حزب الله: 0.2630268508346251
المقاومه: 0.32959239517878974
سوري: 0.15419336479366605
منظمه التحرير الفلسطينيه: 0.25827932665431885
ايران: 0.2902859343743517
السعوديه: 0.16165241976029104
path: stability_diachronic/hayat/hayat_1999_hayat_2000/
loaded the stability dictionary for time point 1999-2000 in mode: d-hayat
1999-2000
الولايات المتحده الاميركيه: 0.27870948518061206
اميركا: 0.11896496753789598
اسرائيل: 0.2843677446196186
فلسطيني: 0.18505124819603916
حزب الله: 0.14236003976653525
المقاومه: 0.192569457557447
سوري: 0.009613387949220835
منظمه التحرير الفلسطينيه: 0.18074928915474775
ايران: 0.2679310987896596
السعوديه: 0.1352921982227094
total average stability (across all words; across all time points): 0.12923996344247993
saving average stability per word (across all time points):
