path: stability_diachronic/nahar/nahar_1982_nahar_1983/
loaded the stability dictionary for time point 1982-1983 in mode: d-nahar
1982-1983
الولايات المتحده الاميركيه: 0.08659396125828357
اميركا: 0.08732099670663653
اسرائيل: 0.275500040580583
فلسطيني: 0.16265795117476506
حزب الله: 0.10880771173894901
المقاومه: -0.009368114200857355
سوري: -0.0013904458027587706
منظمه التحرير الفلسطينيه: 0.12383560709604613
ايران: 0.1061929957809119
السعوديه: 0.05824305436606732
path: stability_diachronic/nahar/nahar_1983_nahar_1984/
loaded the stability dictionary for time point 1983-1984 in mode: d-nahar
1983-1984
الولايات المتحده الاميركيه: 0.021756684583601554
اميركا: 0.02353349285633967
اسرائيل: 0.2772477122642729
فلسطيني: 0.060319112173887406
حزب الله: 0.0241790808290296
المقاومه: -0.09811928204189617
سوري: -0.021837463906835546
منظمه التحرير الفلسطينيه: 0.0645798706528035
ايران: 0.10732097480589203
السعوديه: 0.027914360203464675
path: stability_diachronic/nahar/nahar_1984_nahar_1985/
loaded the stability dictionary for time point 1984-1985 in mode: d-nahar
1984-1985
الولايات المتحده الاميركيه: 0.151833015153958
اميركا: 0.12641739031794422
اسرائيل: 0.2523098174643988
فلسطيني: 0.08019002971693737
حزب الله: 0.012891977882691398
المقاومه: 0.15542367095128812
سوري: -0.007733969449430299
منظمه التحرير الفلسطينيه: 0.09322568298812481
ايران: 0.017787586273911957
السعوديه: 0.01645498861850276
path: stability_diachronic/nahar/nahar_1985_nahar_1986/
loaded the stability dictionary for time point 1985-1986 in mode: d-nahar
1985-1986
الولايات المتحده الاميركيه: 0.11636508832941074
اميركا: 0.12603010774527876
اسرائيل: 0.2460361993484196
فلسطيني: 0.39699742021961487
حزب الله: 0.09714190599995967
المقاومه: 0.20033212360021785
سوري: 0.15911821341801252
منظمه التحرير الفلسطينيه: 0.31740840608160614
ايران: 0.040945271345461554
السعوديه: 0.29745226166837485
path: stability_diachronic/nahar/nahar_1986_nahar_1987/
loaded the stability dictionary for time point 1986-1987 in mode: d-nahar
1986-1987
الولايات المتحده الاميركيه: 0.11085014297258844
اميركا: 0.04478510212170418
اسرائيل: 0.1756498828038445
فلسطيني: 0.2760879575567593
حزب الله: 0.17792739114676445
المقاومه: 0.053196786938681115
سوري: 0.13969752576910072
منظمه التحرير الفلسطينيه: 0.26401706894565696
ايران: -0.003966323621276767
السعوديه: 0.15694010581678441
path: stability_diachronic/nahar/nahar_1987_nahar_1988/
loaded the stability dictionary for time point 1987-1988 in mode: d-nahar
1987-1988
الولايات المتحده الاميركيه: 0.061175570295669626
اميركا: 0.027411755117605612
اسرائيل: 0.14039899212570986
فلسطيني: 0.22968637110077744
حزب الله: 0.21599084456524165
المقاومه: 0.16093716402115563
سوري: 0.14594461170071082
منظمه التحرير الفلسطينيه: 0.3062988287521914
ايران: 0.014769298817596409
السعوديه: 0.08435057312346292
path: stability_diachronic/nahar/nahar_1988_nahar_1989/
loaded the stability dictionary for time point 1988-1989 in mode: d-nahar
1988-1989
الولايات المتحده الاميركيه: 0.012889648038381062
اميركا: -0.003464332428056216
اسرائيل: 0.13532691509038267
فلسطيني: 0.10873037783137532
حزب الله: 0.10698248148331704
المقاومه: 0.004602786935930317
سوري: -0.0676828923241244
منظمه التحرير الفلسطينيه: 0.03587922843896951
ايران: -0.07343775843244589
السعوديه: 0.017882797279700116
path: stability_diachronic/nahar/nahar_1989_nahar_1990/
loaded the stability dictionary for time point 1989-1990 in mode: d-nahar
1989-1990
الولايات المتحده الاميركيه: 0.02721739694110474
اميركا: 0.06262603607607725
اسرائيل: 0.16443901254879315
فلسطيني: 0.072443565570722
حزب الله: 0.04448255355067798
المقاومه: 0.007470718164316256
سوري: -0.05110304789243314
منظمه التحرير الفلسطينيه: -0.005237064060621615
ايران: -0.005047000890850403
السعوديه: 0.052456860104763206
path: stability_diachronic/nahar/nahar_1990_nahar_1991/
loaded the stability dictionary for time point 1990-1991 in mode: d-nahar
1990-1991
الولايات المتحده الاميركيه: 0.08919887038243057
اميركا: 0.07746023725943844
اسرائيل: 0.1704826173585688
فلسطيني: 0.11364763667863152
حزب الله: 0.07314942873493427
المقاومه: 0.07181879454474471
سوري: 0.08706733417934993
منظمه التحرير الفلسطينيه: 0.004396306177612205
ايران: 0.05329094016943319
السعوديه: 0.02409825427173296
path: stability_diachronic/nahar/nahar_1991_nahar_1992/
loaded the stability dictionary for time point 1991-1992 in mode: d-nahar
1991-1992
الولايات المتحده الاميركيه: 0.10267600960997292
اميركا: 0.04894671454351413
اسرائيل: 0.29442632724302137
فلسطيني: 0.2428642335234016
حزب الله: 0.166914820427079
المقاومه: 0.13311089061893594
سوري: 0.13781823198943555
منظمه التحرير الفلسطينيه: 0.13669907741737944
ايران: -0.006778271895437733
السعوديه: 0.20244281764570468
path: stability_diachronic/nahar/nahar_1992_nahar_1993/
loaded the stability dictionary for time point 1992-1993 in mode: d-nahar
1992-1993
الولايات المتحده الاميركيه: 0.16599783133749413
اميركا: 0.1090569280052319
اسرائيل: 0.24395291777103367
فلسطيني: 0.14526006732852415
حزب الله: 0.1914919285985884
المقاومه: 0.2445012072539995
سوري: 0.10937736416250517
منظمه التحرير الفلسطينيه: 0.09744214653545553
ايران: 0.10731424236877299
السعوديه: 0.02390540978066115
path: stability_diachronic/nahar/nahar_1993_nahar_1994/
loaded the stability dictionary for time point 1993-1994 in mode: d-nahar
1993-1994
الولايات المتحده الاميركيه: 0.216016957251409
اميركا: 0.15877521955518892
اسرائيل: 0.24853684622921382
فلسطيني: 0.2258668365894464
حزب الله: 0.1655281930855198
المقاومه: 0.20833424011626697
سوري: 0.11347252479305449
منظمه التحرير الفلسطينيه: 0.24691692282191252
ايران: -0.0030446537834679134
السعوديه: 0.19751347228090546
path: stability_diachronic/nahar/nahar_1994_nahar_1995/
loaded the stability dictionary for time point 1994-1995 in mode: d-nahar
1994-1995
الولايات المتحده الاميركيه: 0.2645254906424543
اميركا: 0.23681718804543594
اسرائيل: 0.29452657485323636
فلسطيني: 0.27003667095817174
حزب الله: 0.23997106295271456
المقاومه: 0.2987429954221373
سوري: 0.24223617556707183
منظمه التحرير الفلسطينيه: 0.3167035049874744
ايران: -0.003966347519520352
السعوديه: 0.24260154428922634
path: stability_diachronic/nahar/nahar_1995_nahar_1996/
loaded the stability dictionary for time point 1995-1996 in mode: d-nahar
1995-1996
الولايات المتحده الاميركيه: 0.08448585784340747
اميركا: 0.16597180345385928
اسرائيل: 0.2640975053799658
فلسطيني: 0.2627121941725284
حزب الله: 0.08576498874270055
المقاومه: 0.11250807164516716
سوري: 0.09363986902546917
منظمه التحرير الفلسطينيه: 0.2866650977920644
ايران: 0.02667082560980452
السعوديه: 0.13148133748034427
path: stability_diachronic/nahar/nahar_1996_nahar_1997/
loaded the stability dictionary for time point 1996-1997 in mode: d-nahar
1996-1997
الولايات المتحده الاميركيه: 0.2776357148543087
اميركا: 0.29360393536537277
اسرائيل: 0.3081942417991419
فلسطيني: 0.29017543210770214
حزب الله: 0.2173035120791208
المقاومه: 0.2740534436316454
سوري: 0.22673343908181007
منظمه التحرير الفلسطينيه: 0.2556659277479284
ايران: 0.18608456818363084
السعوديه: 0.16556792354979244
path: stability_diachronic/nahar/nahar_1997_nahar_1998/
loaded the stability dictionary for time point 1997-1998 in mode: d-nahar
1997-1998
الولايات المتحده الاميركيه: -0.003678643825246332
اميركا: -0.01782239919209541
اسرائيل: -0.020597349615370426
فلسطيني: -0.0034455986751055732
حزب الله: -0.014600965577405228
المقاومه: -0.007297941715788878
سوري: -0.019229550965944597
منظمه التحرير الفلسطينيه: -0.013041220693139363
ايران: -0.012836271295661129
السعوديه: -0.0032484073680576694
path: stability_diachronic/nahar/nahar_1998_nahar_1999/
loaded the stability dictionary for time point 1998-1999 in mode: d-nahar
1998-1999
الولايات المتحده الاميركيه: 0.05012363313939605
اميركا: 0.0027013724956662603
اسرائيل: -0.0022191964695024505
فلسطيني: 0.08513937719541419
حزب الله: 0.05299712741860971
المقاومه: 0.055144145319581235
سوري: 0.007793463765487436
منظمه التحرير الفلسطينيه: 0.02594979878462075
ايران: -0.0252949707290959
السعوديه: 0.032496139180867356
path: stability_diachronic/nahar/nahar_1999_nahar_2000/
loaded the stability dictionary for time point 1999-2000 in mode: d-nahar
1999-2000
الولايات المتحده الاميركيه: 0.022395907324545297
اميركا: 0.01765893651562865
اسرائيل: 0.012124825424668435
فلسطيني: 0.011119201708940582
حزب الله: 0.013038088378885877
المقاومه: 0.014465951151615912
سوري: 0.012626355435845102
منظمه التحرير الفلسطينيه: 0.017534904199922825
ايران: 0.014665570761128587
السعوديه: 0.023459767236860704
path: stability_diachronic/nahar/nahar_2000_nahar_2001/
loaded the stability dictionary for time point 2000-2001 in mode: d-nahar
2000-2001
الولايات المتحده الاميركيه: 0.19087127521827355
اميركا: 0.16814718823789138
اسرائيل: 0.2805652469515953
فلسطيني: 0.30338929805265086
حزب الله: 0.16648493803777073
المقاومه: 0.18850951342690694
سوري: 0.17683228841805143
منظمه التحرير الفلسطينيه: 0.2178825796933288
ايران: 0.05882739935621314
السعوديه: 0.06255070985492982
path: stability_diachronic/nahar/nahar_2001_nahar_2002/
loaded the stability dictionary for time point 2001-2002 in mode: d-nahar
2001-2002
الولايات المتحده الاميركيه: 0.28007638085697145
اميركا: 0.303493836569653
اسرائيل: 0.3090946119489774
فلسطيني: 0.3231157180201844
حزب الله: 0.19706580359356476
المقاومه: 0.26747375704070797
سوري: 0.2256058382060322
منظمه التحرير الفلسطينيه: 0.30714008330912657
ايران: 0.11084602443017512
السعوديه: 0.11317922381535787
path: stability_diachronic/nahar/nahar_2002_nahar_2003/
loaded the stability dictionary for time point 2002-2003 in mode: d-nahar
2002-2003
الولايات المتحده الاميركيه: 0.2804501257692373
اميركا: 0.31221247643357436
اسرائيل: 0.31218766372195056
فلسطيني: 0.3283133629801948
حزب الله: 0.2515810488006196
المقاومه: 0.2653672586069736
سوري: 0.24834272056431964
منظمه التحرير الفلسطينيه: 0.27777461981548723
ايران: 0.19224849444392866
السعوديه: 0.16329603041727117
path: stability_diachronic/nahar/nahar_2003_nahar_2004/
loaded the stability dictionary for time point 2003-2004 in mode: d-nahar
2003-2004
الولايات المتحده الاميركيه: 0.2658931462722764
اميركا: 0.2748197806357158
اسرائيل: 0.3241232981301888
فلسطيني: 0.3781273251054795
حزب الله: 0.2967013332221915
المقاومه: 0.25515260263618217
سوري: 0.24659725188658332
منظمه التحرير الفلسطينيه: 0.2771998140253052
ايران: 0.1652064898729581
السعوديه: 0.21405631087668517
path: stability_diachronic/nahar/nahar_2004_nahar_2005/
loaded the stability dictionary for time point 2004-2005 in mode: d-nahar
2004-2005
الولايات المتحده الاميركيه: 0.22956952767439162
اميركا: 0.2752645283827229
اسرائيل: 0.24227795318253637
فلسطيني: 0.2623052681790125
حزب الله: 0.1731432407823325
المقاومه: 0.16103123865794622
سوري: 0.14271884858150305
منظمه التحرير الفلسطينيه: 0.11005842789253781
ايران: 0.09237940482514784
السعوديه: -0.0026419872863521973
path: stability_diachronic/nahar/nahar_2005_nahar_2006/
loaded the stability dictionary for time point 2005-2006 in mode: d-nahar
2005-2006
الولايات المتحده الاميركيه: 0.23895584681005916
اميركا: 0.20202167815914965
اسرائيل: 0.15482743589872622
فلسطيني: 0.1403028632451785
حزب الله: 0.2558065290918565
المقاومه: 0.13370150286248145
سوري: 0.057505696361788865
منظمه التحرير الفلسطينيه: 0.09484467062218345
ايران: 0.07095727028962814
السعوديه: 0.03041869764462205
path: stability_diachronic/nahar/nahar_2006_nahar_2007/
loaded the stability dictionary for time point 2006-2007 in mode: d-nahar
2006-2007
الولايات المتحده الاميركيه: 0.3005389764806453
اميركا: 0.2429936191650271
اسرائيل: 0.2711282938778408
فلسطيني: 0.1730893790883114
حزب الله: 0.2778501787068225
المقاومه: 0.17465374510146983
سوري: 0.05188909346969272
منظمه التحرير الفلسطينيه: 0.21579586170245837
ايران: 0.2429252503058814
السعوديه: 0.12230050999586428
path: stability_diachronic/nahar/nahar_2007_nahar_2008/
loaded the stability dictionary for time point 2007-2008 in mode: d-nahar
2007-2008
الولايات المتحده الاميركيه: 0.24839642401622442
اميركا: 0.259885053050834
اسرائيل: 0.2632697620182714
فلسطيني: 0.26821543606022763
حزب الله: 0.3017816733703036
المقاومه: 0.1774662340145552
سوري: 0.21150555348537098
منظمه التحرير الفلسطينيه: 0.21038902186188035
ايران: 0.08980223815691629
السعوديه: 0.12943025635570396
path: stability_diachronic/nahar/nahar_2008_nahar_2009/
loaded the stability dictionary for time point 2008-2009 in mode: d-nahar
2008-2009
الولايات المتحده الاميركيه: -0.008837012123471462
اميركا: 0.013890289422399192
اسرائيل: 0.08111187496115696
فلسطيني: 0.0028484919740601813
حزب الله: 0.02257070887950524
المقاومه: 0.019123085694575753
سوري: -0.003187961830753429
منظمه التحرير الفلسطينيه: 0.005605522687985365
ايران: -0.01212740572239409
السعوديه: -0.05006480090806624
total average stability (across all words; across all time points): 0.13681961021238465
max stability attained (across all words; across all time points): 0.39699742021961487
min stability attained (across all words; across all time points): -0.09811928204189617
saving average stability per word (across all time points):
