path: stability_diachronic/assafir/assafir_1982_assafir_1983/
loaded the stability dictionary for time point 1982-1983 in mode: d-assafir
1982-1983
الولايات المتحده الاميركيه: 0.19438037983359668
اميركا: 0.2799766764218744
اسرائيل: 0.2857574016713096
فلسطيني: 0.27203428136585206
حزب الله: 0.02777898823637073
المقاومه: 0.022418347646555828
سوري: 0.013173220052716426
منظمه التحرير الفلسطينيه: 0.23159778095573347
ايران: 0.015551527707600711
السعوديه: 0.023998046378476537
path: stability_diachronic/assafir/assafir_1983_assafir_1984/
loaded the stability dictionary for time point 1983-1984 in mode: d-assafir
1983-1984
الولايات المتحده الاميركيه: 0.05689227676090666
اميركا: 0.14155105757964165
اسرائيل: 0.302733882884316
فلسطيني: 0.16745811145997902
حزب الله: -0.004069642625744607
المقاومه: -0.06546064090325365
سوري: -0.02992223649720456
منظمه التحرير الفلسطينيه: 0.0163169493592503
ايران: 0.006426755213241209
السعوديه: -0.02205030556446772
path: stability_diachronic/assafir/assafir_1984_assafir_1985/
loaded the stability dictionary for time point 1984-1985 in mode: d-assafir
1984-1985
الولايات المتحده الاميركيه: 0.21259992671897596
اميركا: 0.20358636645313502
اسرائيل: 0.31817063994101114
فلسطيني: 0.1847524611116048
حزب الله: 0.1420062783958345
المقاومه: 0.15813888524371492
سوري: 0.012689222788627209
منظمه التحرير الفلسطينيه: 0.1787418307312871
ايران: 0.13572761467930616
السعوديه: 0.10477759027955136
path: stability_diachronic/assafir/assafir_1985_assafir_1986/
loaded the stability dictionary for time point 1985-1986 in mode: d-assafir
1985-1986
الولايات المتحده الاميركيه: 0.30645633566047426
اميركا: 0.25841569097820466
اسرائيل: 0.3328946968556559
فلسطيني: 0.36011528459299535
حزب الله: 0.1414273293685825
المقاومه: 0.2508054753471229
سوري: 0.16733619081298437
منظمه التحرير الفلسطينيه: 0.1854877872529948
ايران: 0.08431309184429776
السعوديه: 0.1673307739405521
path: stability_diachronic/assafir/assafir_1986_assafir_1987/
loaded the stability dictionary for time point 1986-1987 in mode: d-assafir
1986-1987
الولايات المتحده الاميركيه: 0.20631935083919234
اميركا: 0.21173757447046218
اسرائيل: 0.23035771149204326
فلسطيني: 0.3134469243616825
حزب الله: 0.08992670792817613
المقاومه: 0.008368401226089084
سوري: 0.09104615662635729
منظمه التحرير الفلسطينيه: 0.3067964159745819
ايران: 0.0922029544868911
السعوديه: 0.10487137586415439
path: stability_diachronic/assafir/assafir_1987_assafir_1988/
loaded the stability dictionary for time point 1987-1988 in mode: d-assafir
1987-1988
الولايات المتحده الاميركيه: 0.1266243778801233
اميركا: 0.12373520228488459
اسرائيل: 0.2626589270903427
فلسطيني: 0.20346907089301422
حزب الله: 0.08375359360914277
المقاومه: 0.027317123279373044
سوري: 0.10747276424424632
منظمه التحرير الفلسطينيه: 0.0920245364021612
ايران: 0.05408190971868839
السعوديه: 0.036777347253023715
path: stability_diachronic/assafir/assafir_1988_assafir_1989/
loaded the stability dictionary for time point 1988-1989 in mode: d-assafir
1988-1989
الولايات المتحده الاميركيه: 0.19267065525397079
اميركا: 0.05998655552356528
اسرائيل: 0.32171725470386586
فلسطيني: 0.16877764039747808
حزب الله: 0.1551531196219171
المقاومه: 0.12808810855960107
سوري: 0.04913097349466708
منظمه التحرير الفلسطينيه: 0.05649859721637059
ايران: 0.03164142436706767
السعوديه: 0.01909814239482364
path: stability_diachronic/assafir/assafir_1989_assafir_1990/
loaded the stability dictionary for time point 1989-1990 in mode: d-assafir
1989-1990
الولايات المتحده الاميركيه: 0.053639879996222634
اميركا: 0.08226253107296518
اسرائيل: 0.27622502232236607
فلسطيني: 0.18535080093055797
حزب الله: 0.1302542395027966
المقاومه: 0.07202823383941229
سوري: 0.015198260374264826
منظمه التحرير الفلسطينيه: 0.1059533109759686
ايران: 0.10010262698160037
السعوديه: 0.02048794562618892
path: stability_diachronic/assafir/assafir_1990_assafir_1991/
loaded the stability dictionary for time point 1990-1991 in mode: d-assafir
1990-1991
الولايات المتحده الاميركيه: 0.18529035117018652
اميركا: 0.11493619381723007
اسرائيل: 0.2896463982183377
فلسطيني: 0.2222672564142806
حزب الله: 0.10133237867464226
المقاومه: 0.06798059790074039
سوري: 0.08214772178504279
منظمه التحرير الفلسطينيه: 0.09312736354370421
ايران: 0.04665986680224435
السعوديه: 0.04546344694856977
path: stability_diachronic/assafir/assafir_1991_assafir_1992/
loaded the stability dictionary for time point 1991-1992 in mode: d-assafir
1991-1992
الولايات المتحده الاميركيه: 0.18049776263546483
اميركا: 0.014891047218405255
اسرائيل: 0.25444501789038754
فلسطيني: 0.047189041570794434
حزب الله: 0.006305382181028574
المقاومه: 0.09854332847764592
سوري: 0.1031755791072066
منظمه التحرير الفلسطينيه: -0.008034175780226242
ايران: 0.058343981725844374
السعوديه: 0.011074977658187582
path: stability_diachronic/assafir/assafir_1992_assafir_1993/
loaded the stability dictionary for time point 1992-1993 in mode: d-assafir
1992-1993
الولايات المتحده الاميركيه: 0.10996449175554922
اميركا: -0.0074355306985809345
اسرائيل: 0.18143858319584147
فلسطيني: 0.03985327884435299
حزب الله: 0.00461425269851726
المقاومه: 0.02241005320304483
سوري: -0.017969587134460417
منظمه التحرير الفلسطينيه: 0.024126596783460214
ايران: 0.014673803868852257
السعوديه: 0.026399636690110573
path: stability_diachronic/assafir/assafir_1993_assafir_1994/
loaded the stability dictionary for time point 1993-1994 in mode: d-assafir
1993-1994
الولايات المتحده الاميركيه: 0.03568949946110743
اميركا: 0.04425774789144975
اسرائيل: 0.25406957213238435
فلسطيني: 0.14051566437396507
حزب الله: 0.08775507785459155
المقاومه: 0.03633783782655267
سوري: 0.04608948431158313
منظمه التحرير الفلسطينيه: 0.03213854239712523
ايران: 0.03778397038061773
السعوديه: 0.0005689349432480232
path: stability_diachronic/assafir/assafir_1994_assafir_1995/
loaded the stability dictionary for time point 1994-1995 in mode: d-assafir
1994-1995
الولايات المتحده الاميركيه: 0.0494138488011677
اميركا: 0.041984448125496475
اسرائيل: 0.22243109998745142
فلسطيني: 0.08203722323380953
حزب الله: 0.037027864819282726
المقاومه: 0.04973798806301227
سوري: 0.06677987305436352
منظمه التحرير الفلسطينيه: 0.0004237689753334821
ايران: 0.044302230066867336
السعوديه: 0.03158394006194542
path: stability_diachronic/assafir/assafir_1995_assafir_1996/
loaded the stability dictionary for time point 1995-1996 in mode: d-assafir
1995-1996
الولايات المتحده الاميركيه: 0.21264858341418347
اميركا: 0.19240444639646914
اسرائيل: 0.31111625311734215
فلسطيني: 0.18625060383461597
حزب الله: 0.06904608657915509
المقاومه: 0.21037494554185876
سوري: 0.18699856460750555
منظمه التحرير الفلسطينيه: 0.13624833588935564
ايران: 0.14913525131626199
السعوديه: 0.1733545093486904
path: stability_diachronic/assafir/assafir_1996_assafir_1997/
loaded the stability dictionary for time point 1996-1997 in mode: d-assafir
1996-1997
الولايات المتحده الاميركيه: 0.14276023542185984
اميركا: 0.16389141725963702
اسرائيل: 0.28937365091203826
فلسطيني: 0.12463960126838179
حزب الله: 0.03779930363407777
المقاومه: 0.10876848088509684
سوري: 0.18436104027426697
منظمه التحرير الفلسطينيه: 0.15701856739496178
ايران: 0.16532354039608244
السعوديه: 0.16357461668231427
path: stability_diachronic/assafir/assafir_1997_assafir_1998/
loaded the stability dictionary for time point 1997-1998 in mode: d-assafir
1997-1998
الولايات المتحده الاميركيه: 0.24740977352011276
اميركا: 0.19609614260180355
اسرائيل: 0.28908040169327676
فلسطيني: 0.20466502199491474
حزب الله: 0.20800550065213255
المقاومه: 0.09886742155079345
سوري: 0.23027449773250963
منظمه التحرير الفلسطينيه: 0.14112022184534628
ايران: 0.08533964030360054
السعوديه: 0.03214719628619728
path: stability_diachronic/assafir/assafir_1998_assafir_1999/
loaded the stability dictionary for time point 1998-1999 in mode: d-assafir
1998-1999
الولايات المتحده الاميركيه: 0.15814952497045995
اميركا: 0.15608051114192648
اسرائيل: 0.2344533330648434
فلسطيني: 0.14319216537053198
حزب الله: 0.16035170606245844
المقاومه: 0.006312050215917402
سوري: 0.013326435625493651
منظمه التحرير الفلسطينيه: 0.08453061361563768
ايران: 0.14031664367926142
السعوديه: 0.11863998609092186
path: stability_diachronic/assafir/assafir_1999_assafir_2000/
loaded the stability dictionary for time point 1999-2000 in mode: d-assafir
1999-2000
الولايات المتحده الاميركيه: 0.20840503823457124
اميركا: 0.17782240690763942
اسرائيل: 0.27084840071499655
فلسطيني: 0.1508500780694627
حزب الله: 0.1951482980238443
المقاومه: 0.13575306730009373
سوري: 0.03562152224477148
منظمه التحرير الفلسطينيه: 0.020590738848242918
ايران: 0.12246613220406029
السعوديه: 0.1502460656281713
path: stability_diachronic/assafir/assafir_2000_assafir_2001/
loaded the stability dictionary for time point 2000-2001 in mode: d-assafir
2000-2001
الولايات المتحده الاميركيه: 0.16251288251785906
اميركا: 0.1710101684168952
اسرائيل: 0.29139127084898003
فلسطيني: 0.21823547073804406
حزب الله: 0.2886295096285344
المقاومه: 0.21236525175044274
سوري: 0.13892789145186757
منظمه التحرير الفلسطينيه: 0.2419232183545622
ايران: 0.22306448341074875
السعوديه: 0.1425333121911681
path: stability_diachronic/assafir/assafir_2001_assafir_2002/
loaded the stability dictionary for time point 2001-2002 in mode: d-assafir
2001-2002
الولايات المتحده الاميركيه: 0.2869012213371552
اميركا: 0.2981816557833935
اسرائيل: 0.27573321364726305
فلسطيني: 0.30843864040289015
حزب الله: 0.23108420383946457
المقاومه: 0.21049074584286315
سوري: 0.24308175291192652
منظمه التحرير الفلسطينيه: 0.2630688628535349
ايران: 0.132949770396183
السعوديه: 0.03865758296796513
path: stability_diachronic/assafir/assafir_2002_assafir_2003/
loaded the stability dictionary for time point 2002-2003 in mode: d-assafir
2002-2003
الولايات المتحده الاميركيه: 0.14662714891991604
اميركا: 0.2758489670683082
اسرائيل: 0.2698962584996864
فلسطيني: 0.22623209676105518
حزب الله: 0.10964553265692098
المقاومه: 0.22008921928199784
سوري: 0.1515892683998009
منظمه التحرير الفلسطينيه: 0.0704402169637311
ايران: 0.166745998004442
السعوديه: 0.05887777103504434
path: stability_diachronic/assafir/assafir_2003_assafir_2004/
loaded the stability dictionary for time point 2003-2004 in mode: d-assafir
2003-2004
الولايات المتحده الاميركيه: 0.11393393396687891
اميركا: 0.2414925096072835
اسرائيل: 0.25103484961814315
فلسطيني: 0.23457370591834703
حزب الله: 0.09743613377151156
المقاومه: 0.14860560102262255
سوري: 0.11219270565615243
منظمه التحرير الفلسطينيه: 0.025920081835026566
ايران: 0.15653606278355764
السعوديه: -0.004984417671336727
path: stability_diachronic/assafir/assafir_2004_assafir_2005/
loaded the stability dictionary for time point 2004-2005 in mode: d-assafir
2004-2005
الولايات المتحده الاميركيه: 0.28071353764302964
اميركا: 0.29832604996774637
اسرائيل: 0.332371872294059
فلسطيني: 0.32063182099545906
حزب الله: 0.1826744093523067
المقاومه: 0.2294226610378937
سوري: 0.058677758779867625
منظمه التحرير الفلسطينيه: 0.18206648714941676
ايران: 0.1470657228077602
السعوديه: 0.13058950985896556
path: stability_diachronic/assafir/assafir_2005_assafir_2006/
loaded the stability dictionary for time point 2005-2006 in mode: d-assafir
2005-2006
الولايات المتحده الاميركيه: 0.21063554936510634
اميركا: 0.21053687776283442
اسرائيل: 0.17135936900834037
فلسطيني: 0.16206520230292393
حزب الله: 0.18187510855281763
المقاومه: 0.06407181870851288
سوري: 0.04282990367402544
منظمه التحرير الفلسطينيه: 0.0791687040433848
ايران: -0.03041472964983704
السعوديه: -0.018812248577667376
path: stability_diachronic/assafir/assafir_2006_assafir_2007/
loaded the stability dictionary for time point 2006-2007 in mode: d-assafir
2006-2007
الولايات المتحده الاميركيه: 0.17998003450511155
اميركا: 0.2720162710332353
اسرائيل: 0.2371884398219661
فلسطيني: 0.11821833261733354
حزب الله: 0.0651229080452922
المقاومه: 0.023459014347425255
سوري: 0.05603046802383656
منظمه التحرير الفلسطينيه: 0.016093858280558156
ايران: 0.08581158761444425
السعوديه: 0.0258314071272291
path: stability_diachronic/assafir/assafir_2007_assafir_2008/
loaded the stability dictionary for time point 2007-2008 in mode: d-assafir
2007-2008
الولايات المتحده الاميركيه: 0.04323498434502052
اميركا: 0.17661930861401018
اسرائيل: 0.21493962525241697
فلسطيني: 0.11379273626805822
حزب الله: 0.04090707050384456
المقاومه: 0.028371334138683903
سوري: -0.029970231333084185
منظمه التحرير الفلسطينيه: -0.03720102639339784
ايران: 0.07055772934995501
السعوديه: -0.05335830591680328
path: stability_diachronic/assafir/assafir_2008_assafir_2009/
loaded the stability dictionary for time point 2008-2009 in mode: d-assafir
2008-2009
الولايات المتحده الاميركيه: 0.16309593671764377
اميركا: 0.1255587310843037
اسرائيل: 0.2602149071990146
فلسطيني: 0.15874968506242257
حزب الله: 0.2023879669064833
المقاومه: 0.1257166022146572
سوري: 0.032294001429255106
منظمه التحرير الفلسطينيه: 0.04021861825928811
ايران: 0.11326391428377192
السعوديه: 0.028921566417105776
path: stability_diachronic/assafir/assafir_2009_assafir_2010/
loaded the stability dictionary for time point 2009-2010 in mode: d-assafir
2009-2010
الولايات المتحده الاميركيه: 0.20914584441834003
اميركا: 0.12230786444128694
اسرائيل: 0.309654857332116
فلسطيني: 0.21859780263726467
حزب الله: 0.16824866204030686
المقاومه: 0.2267809524829923
سوري: 0.19343947108317044
منظمه التحرير الفلسطينيه: 0.14680276792503177
ايران: 0.20903490405098202
السعوديه: 0.16223702962045874
path: stability_diachronic/assafir/assafir_2010_assafir_2011/
loaded the stability dictionary for time point 2010-2011 in mode: d-assafir
2010-2011
الولايات المتحده الاميركيه: 0.1277298073282007
اميركا: 0.10553949261044024
اسرائيل: 0.21700481457587303
فلسطيني: 0.12145112392457724
حزب الله: 0.24457048393070852
المقاومه: 0.20482916681491983
سوري: -0.03251873464819713
منظمه التحرير الفلسطينيه: 0.09170943518021606
ايران: 0.03307173441713392
السعوديه: -0.006193859413468112
total average stability (across all words; across all time points): 0.1346011641356865
max stability attained (across all words; across all time points): 0.36011528459299535
min stability attained (across all words; across all time points): -0.06546064090325365
saving average stability per word (across all time points):
